[2023-01-09 09:06:03][29] Processing: App\Jobs\SendEmailJob
[2023-01-09 09:06:08][29] Processed:  App\Jobs\SendEmailJob
[2023-01-09 09:22:15][31] Processing: App\Jobs\SendEmailJob
[2023-01-09 09:22:23][31] Processed:  App\Jobs\SendEmailJob
[2023-01-09 09:25:37][32] Processing: App\Jobs\SendEmailJob
[2023-01-09 09:25:46][32] Processed:  App\Jobs\SendEmailJob
[2023-01-09 09:30:41][33] Processing: App\Jobs\SendEmailJob
[2023-01-09 09:30:46][33] Processed:  App\Jobs\SendEmailJob
Laravel Framework 8.83.27

Usage:
  command [options] [arguments]

Options:
  -h, --help            Display help for the given command. When no command is given display help for the list command
  -q, --quiet           Do not output any message
  -V, --version         Display this application version
      --ansi|--no-ansi  Force (or disable --no-ansi) ANSI output
  -n, --no-interaction  Do not ask any interactive question
      --env[=ENV]       The environment the command should run under
  -v|vv|vvv, --verbose  Increase the verbosity of messages: 1 for normal output, 2 for more verbose output and 3 for debug

Available commands:
  clear-compiled        Remove the compiled class file
  completion            Dump the shell completion script
  db                    Start a new database CLI session
  down                  Put the application into maintenance / demo mode
  env                   Display the current framework environment
  help                  Display help for a command
  inspire               Display an inspiring quote
  list                  List commands
  migrate               Run the database migrations
  optimize              Cache the framework bootstrap files
  serve                 Serve the application on the PHP development server
  test                  Run the application tests
  tinker                Interact with your application
  up                    Bring the application out of maintenance mode
 auth
  auth:clear-resets     Flush expired password reset tokens
 cache
  cache:clear           Flush the application cache
  cache:forget          Remove an item from the cache
  cache:table           Create a migration for the cache database table
 config
  config:cache          Create a cache file for faster configuration loading
  config:clear          Remove the configuration cache file
 db
  db:seed               Seed the database with records
  db:wipe               Drop all tables, views, and types
 event
  event:cache           Discover and cache the application's events and listeners
  event:clear           Clear all cached events and listeners
  event:generate        Generate the missing events and listeners based on registration
  event:list            List the application's events and listeners
 key
  key:generate          Set the application key
 make
  make:cast             Create a new custom Eloquent cast class
  make:channel          Create a new channel class
  make:command          Create a new Artisan command
  make:component        Create a new view component class
  make:controller       Create a new controller class
  make:event            Create a new event class
  make:exception        Create a new custom exception class
  make:factory          Create a new model factory
  make:job              Create a new job class
  make:listener         Create a new event listener class
  make:mail             Create a new email class
  make:middleware       Create a new middleware class
  make:migration        Create a new migration file
  make:model            Create a new Eloquent model class
  make:notification     Create a new notification class
  make:observer         Create a new observer class
  make:policy           Create a new policy class
  make:provider         Create a new service provider class
  make:request          Create a new form request class
  make:resource         Create a new resource
  make:rule             Create a new validation rule
  make:seeder           Create a new seeder class
  make:test             Create a new test class
 migrate
  migrate:fresh         Drop all tables and re-run all migrations
  migrate:install       Create the migration repository
  migrate:refresh       Reset and re-run all migrations
  migrate:reset         Rollback all database migrations
  migrate:rollback      Rollback the last database migration
  migrate:status        Show the status of each migration
 model
  model:prune           Prune models that are no longer needed
 notifications
  notifications:table   Create a migration for the notifications table
 optimize
  optimize:clear        Remove the cached bootstrap files
 package
  package:discover      Rebuild the cached package manifest
 queue
  queue:batches-table   Create a migration for the batches database table
  queue:clear           Delete all of the jobs from the specified queue
  queue:failed          List all of the failed queue jobs
  queue:failed-table    Create a migration for the failed queue jobs database table
  queue:flush           Flush all of the failed queue jobs
  queue:forget          Delete a failed queue job
  queue:listen          Listen to a given queue
  queue:monitor         Monitor the size of the specified queues
  queue:prune-batches   Prune stale entries from the batches database
  queue:prune-failed    Prune stale entries from the failed jobs table
  queue:restart         Restart queue worker daemons after their current job
  queue:retry           Retry a failed queue job
  queue:retry-batch     Retry the failed jobs for a batch
  queue:table           Create a migration for the queue jobs database table
  queue:work            Start processing jobs on the queue as a daemon
 route
  route:cache           Create a route cache file for faster route registration
  route:clear           Remove the route cache file
  route:list            List all registered routes
 schedule
  schedule:clear-cache  Delete the cached mutex files created by scheduler
  schedule:list         List the scheduled commands
  schedule:run          Run the scheduled commands
  schedule:test         Run a scheduled command
  schedule:work         Start the schedule worker
 schema
  schema:dump           Dump the given database schema
 session
  session:table         Create a migration for the session database table
 storage
  storage:link          Create the symbolic links configured for the application
 stub
  stub:publish          Publish all stubs that are available for customization
 vendor
  vendor:publish        Publish any publishable assets from vendor packages
 view
  view:cache            Compile all of the application's Blade templates
  view:clear            Clear all compiled view files
X-Powered-By: PHP/7.4.33
Content-type: text/html; charset=UTF-8

[2023-01-09 09:35:07][34] Processing: App\Jobs\SendEmailJob
[2023-01-09 09:35:14][34] Processed:  App\Jobs\SendEmailJob
[2023-01-09 09:49:42][35] Processing: App\Jobs\SendEmailJob
[2023-01-09 09:49:47][35] Processed:  App\Jobs\SendEmailJob
[2023-01-09 09:51:44][36] Processing: App\Jobs\SendEmailJob
[2023-01-09 09:51:51][36] Processed:  App\Jobs\SendEmailJob
[2023-01-09 09:51:57][37] Processing: App\Jobs\SendEmailJob
[2023-01-09 09:52:02][37] Processed:  App\Jobs\SendEmailJob
[2023-01-09 09:52:59][38] Processing: App\Jobs\SendEmailJob
[2023-01-09 09:53:05][38] Processed:  App\Jobs\SendEmailJob
[2023-01-09 10:15:54][39] Processing: App\Jobs\NewRegistrationJob
[2023-01-09 10:15:54][39] Failed:     App\Jobs\NewRegistrationJob
[2023-01-09 10:21:24][40] Processing: App\Jobs\NewRegistrationJob
[2023-01-09 10:21:24][40] Failed:     App\Jobs\NewRegistrationJob
[2023-01-09 10:21:58][41] Processing: App\Jobs\NewRegistrationJob
[2023-01-09 10:21:58][41] Failed:     App\Jobs\NewRegistrationJob
[2023-01-09 10:23:28][42] Processing: App\Jobs\SendEmailJob
[2023-01-09 10:23:33][42] Processed:  App\Jobs\SendEmailJob
[2023-01-09 10:33:48][43] Processing: App\Jobs\NewRegistrationJob
[2023-01-09 10:33:48][43] Failed:     App\Jobs\NewRegistrationJob
[2023-01-09 10:33:57][44] Processing: App\Jobs\NewRegistrationJob
[2023-01-09 10:33:57][44] Failed:     App\Jobs\NewRegistrationJob
[2023-01-09 10:35:57][45] Processing: App\Jobs\SendEmailJob
[2023-01-09 10:36:02][45] Processed:  App\Jobs\SendEmailJob
[2023-01-09 11:04:43][46] Processing: App\Jobs\SendEmailJob
[2023-01-09 11:04:48][46] Processed:  App\Jobs\SendEmailJob
[2023-01-09 11:24:47][47] Processing: App\Jobs\SendEmailJob
[2023-01-09 11:24:51][47] Processed:  App\Jobs\SendEmailJob
[2023-01-09 11:25:54][48] Processing: App\Jobs\NewRegistrationJob
[2023-01-09 11:25:54][48] Failed:     App\Jobs\NewRegistrationJob
[2023-01-09 11:26:03][49] Processing: App\Jobs\NewRegistrationJob
[2023-01-09 11:26:03][49] Failed:     App\Jobs\NewRegistrationJob
[2023-01-09 11:26:36][50] Processing: App\Jobs\NewRegistrationJob
[2023-01-09 11:26:36][50] Failed:     App\Jobs\NewRegistrationJob
[2023-01-09 11:34:46][51] Processing: App\Jobs\NewRegistrationJob
[2023-01-09 11:34:46][51] Failed:     App\Jobs\NewRegistrationJob
[2023-01-09 11:35:08][52] Processing: App\Jobs\NewRegistrationJob
[2023-01-09 11:35:08][52] Failed:     App\Jobs\NewRegistrationJob
[2023-01-09 11:38:00][53] Processing: App\Jobs\SendEmailJob
[2023-01-09 11:38:04][53] Processed:  App\Jobs\SendEmailJob
[2023-01-09 11:46:55][54] Processing: App\Jobs\NewRegistrationJob
[2023-01-09 11:46:55][54] Failed:     App\Jobs\NewRegistrationJob
[2023-01-09 11:47:38][55] Processing: App\Jobs\NewRegistrationJob
[2023-01-09 11:47:38][55] Failed:     App\Jobs\NewRegistrationJob
[2023-01-09 11:52:23][56] Processing: App\Jobs\SendEmailJob
[2023-01-09 11:52:27][56] Processed:  App\Jobs\SendEmailJob
[2023-01-09 11:54:59][57] Processing: App\Jobs\NewRegistrationJob
[2023-01-09 11:54:59][57] Failed:     App\Jobs\NewRegistrationJob
[2023-01-09 11:58:03][58] Processing: App\Jobs\NewRegistrationJob
[2023-01-09 11:58:03][58] Failed:     App\Jobs\NewRegistrationJob
[2023-01-09 12:10:21][59] Processing: App\Jobs\SendEmailJob
[2023-01-09 12:10:26][59] Processed:  App\Jobs\SendEmailJob

   ParseError 

  syntax error, unexpected end of file, expecting identifier (T_STRING)

  at routes/web.php:77
     73▕   Route::resource('home', App\Http\Controllers\backend\HomeController::class);
     74▕   Route::resource('booking', App\Http\Controllers\backend\BookingController::class);
     75▕   Route::resource('teams', App\Http\Controllers\backend\TeamController::class);
     76▕   Route::get('/delete-user/{id}', [App\Http\Controllers\backend\TeamController::class, 'delete_user'])->name('delete-user');
  ➜  77▕   Route::resource('users', App\Http\Controllers\backend\UserController::class);
     78▕   Route::post('change-password', [App\Http\Controllers\backend\ProfileController::class, 'changePassword'])->name('change-password');
     79▕   Route::resource('profile', App\Http\Controllers\backend\ProfileController::class);
     80▕   Route::resource('setting', App\Http\Controllers\backend\SettingController::class);
     81▕

      [2m+3 vendor frames [22m
  4   app/Providers/RouteServiceProvider.php:48
      Illuminate\Routing\RouteRegistrar::group("/home/ir3gqxlxb3fx/public_html/dev/routes/web.php")

      [2m+15 vendor frames [22m
  20  [internal]:0
      Illuminate\Foundation\Application::Illuminate\Foundation\{closure}(Object(App\Providers\RouteServiceProvider))
[2023-01-09 12:15:55][60] Processing: App\Jobs\SendEmailJob
[2023-01-09 12:16:00][60] Processed:  App\Jobs\SendEmailJob
[2023-01-09 12:19:51][61] Processing: App\Jobs\NewRegistrationJob
[2023-01-09 12:19:51][61] Failed:     App\Jobs\NewRegistrationJob
[2023-01-09 12:23:40][62] Processing: App\Jobs\NewRegistrationJob
[2023-01-09 12:23:40][62] Failed:     App\Jobs\NewRegistrationJob
[2023-01-09 12:23:48][63] Processing: App\Jobs\NewRegistrationJob
[2023-01-09 12:23:48][63] Failed:     App\Jobs\NewRegistrationJob
[2023-01-09 12:27:16][64] Processing: App\Jobs\NewRegistrationJob
[2023-01-09 12:27:16][64] Failed:     App\Jobs\NewRegistrationJob
[2023-01-09 12:28:18][65] Processing: App\Jobs\SendEmailJob
[2023-01-09 12:28:23][65] Processed:  App\Jobs\SendEmailJob
[2023-01-09 12:30:07][66] Processing: App\Jobs\SendEmailJob
[2023-01-09 12:30:12][66] Processed:  App\Jobs\SendEmailJob
[2023-01-09 12:38:56][67] Processing: App\Jobs\NewRegistrationJob
[2023-01-09 12:38:56][67] Failed:     App\Jobs\NewRegistrationJob
[2023-01-09 12:53:12][68] Processing: App\Jobs\NewRegistrationJob
[2023-01-09 12:53:17][68] Processed:  App\Jobs\NewRegistrationJob
[2023-01-09 13:00:58][69] Processing: App\Jobs\NewRegistrationJob
[2023-01-09 13:00:58][69] Failed:     App\Jobs\NewRegistrationJob
[2023-01-09 13:02:07][70] Processing: App\Jobs\NewRegistrationJob
[2023-01-09 13:02:07][70] Failed:     App\Jobs\NewRegistrationJob
[2023-01-09 13:07:59][71] Processing: App\Jobs\NewRegistrationJob
[2023-01-09 13:07:59][71] Failed:     App\Jobs\NewRegistrationJob
[2023-01-09 13:10:17][72] Processing: App\Jobs\NewRegistrationJob
[2023-01-09 13:10:17][72] Failed:     App\Jobs\NewRegistrationJob
[2023-01-09 13:10:38][73] Processing: App\Jobs\NewRegistrationJob
[2023-01-09 13:10:43][73] Processed:  App\Jobs\NewRegistrationJob
[2023-01-09 13:16:12][74] Processing: App\Jobs\NewRegistrationJob
[2023-01-09 13:16:12][74] Failed:     App\Jobs\NewRegistrationJob
[2023-01-11 09:18:55][75] Processing: App\Jobs\NewRegistrationJob
[2023-01-11 09:19:00][75] Processed:  App\Jobs\NewRegistrationJob
[2023-01-11 09:23:56][76] Processing: App\Jobs\NewRegistrationJob
[2023-01-11 09:23:56][76] Failed:     App\Jobs\NewRegistrationJob
[2023-01-11 09:28:14][77] Processing: App\Jobs\NewRegistrationJob
[2023-01-11 09:28:14][77] Failed:     App\Jobs\NewRegistrationJob
[2023-01-11 09:33:21][78] Processing: App\Jobs\NewRegistrationJob
[2023-01-11 09:33:21][78] Failed:     App\Jobs\NewRegistrationJob
[2023-01-11 09:33:55][79] Processing: App\Jobs\NewRegistrationJob
[2023-01-11 09:33:55][79] Failed:     App\Jobs\NewRegistrationJob
[2023-01-11 09:34:42][80] Processing: App\Jobs\NewRegistrationJob
[2023-01-11 09:34:42][80] Failed:     App\Jobs\NewRegistrationJob
[2023-01-11 09:35:21][81] Processing: App\Jobs\NewRegistrationJob
[2023-01-11 09:35:21][81] Failed:     App\Jobs\NewRegistrationJob
[2023-01-11 09:39:42][82] Processing: App\Jobs\NewRegistrationJob
[2023-01-11 09:39:42][82] Failed:     App\Jobs\NewRegistrationJob
[2023-01-11 10:24:02][83] Processing: App\Jobs\NewRegistrationJob
[2023-01-11 10:24:02][83] Failed:     App\Jobs\NewRegistrationJob
[2023-01-11 11:41:14][84] Processing: App\Jobs\NewRegistrationJob
[2023-01-11 11:41:14][84] Failed:     App\Jobs\NewRegistrationJob
[2023-01-11 11:43:42][86] Processing: App\Jobs\NewRegistrationJob
[2023-01-11 11:43:47][86] Processed:  App\Jobs\NewRegistrationJob
[2023-01-11 11:44:19][87] Processing: App\Jobs\NewRegistrationJob
[2023-01-11 11:44:19][87] Failed:     App\Jobs\NewRegistrationJob
[2023-01-11 11:44:55][88] Processing: App\Jobs\NewRegistrationJob
[2023-01-11 11:44:55][88] Failed:     App\Jobs\NewRegistrationJob
[2023-01-11 11:57:14][89] Processing: App\Jobs\NewRegistrationJob
[2023-01-11 11:57:14][89] Failed:     App\Jobs\NewRegistrationJob
[2023-01-11 12:34:56][90] Processing: App\Mail\MyTestMail
[2023-01-11 12:35:01][90] Processed:  App\Mail\MyTestMail
[2023-01-11 12:38:22][91] Processing: App\Mail\MyTestMail
[2023-01-11 12:38:29][91] Processed:  App\Mail\MyTestMail
[2023-01-11 12:39:50][92] Processing: App\Mail\MyTestMail
[2023-01-11 12:39:55][92] Processed:  App\Mail\MyTestMail
[2023-01-11 13:56:14][93] Processing: App\Mail\MyTestMail
[2023-01-11 13:56:19][93] Processed:  App\Mail\MyTestMail
[2023-01-11 13:57:59][94] Processing: App\Mail\MyTestMail
[2023-01-11 13:58:04][94] Processed:  App\Mail\MyTestMail
[2023-01-11 13:58:06][95] Processing: App\Mail\MyTestMail
[2023-01-11 13:58:10][96] Processing: App\Mail\MyTestMail
[2023-01-11 13:58:11][95] Processed:  App\Mail\MyTestMail
[2023-01-11 13:58:15][96] Processed:  App\Mail\MyTestMail
[2023-01-11 14:00:42][97] Processing: App\Mail\MyTestMail
[2023-01-11 14:00:47][97] Processed:  App\Mail\MyTestMail
[2023-01-11 14:03:47][98] Processing: App\Mail\MyTestMail
[2023-01-11 14:03:52][98] Processed:  App\Mail\MyTestMail
[2023-01-11 14:09:46][99] Processing: App\Mail\MyTestMail
[2023-01-11 14:09:51][99] Processed:  App\Mail\MyTestMail
[2023-01-11 14:16:34][100] Processing: App\Jobs\SendEmailJob
[2023-01-11 14:16:34][100] Failed:     App\Jobs\SendEmailJob
[2023-01-11 14:16:47][101] Processing: App\Jobs\SendEmailJob
[2023-01-11 14:16:47][101] Failed:     App\Jobs\SendEmailJob
[2023-01-11 14:17:39][102] Processing: App\Jobs\SendEmailJob
[2023-01-11 14:17:39][102] Failed:     App\Jobs\SendEmailJob
[2023-01-11 14:17:41][103] Processing: App\Jobs\SendEmailJob
[2023-01-11 14:17:41][103] Failed:     App\Jobs\SendEmailJob
[2023-01-11 14:18:36][104] Processing: App\Jobs\SendEmailJob
[2023-01-11 14:18:36][104] Failed:     App\Jobs\SendEmailJob
[2023-01-11 14:55:22][105] Processing: App\Jobs\SendEmailJob
[2023-01-11 14:55:22][105] Failed:     App\Jobs\SendEmailJob
[2023-01-11 15:06:18][106] Processing: App\Mail\MyTestMail
[2023-01-11 15:06:23][106] Processed:  App\Mail\MyTestMail
[2023-01-11 15:09:15][107] Processing: App\Mail\MyTestMail
[2023-01-11 15:09:15][107] Failed:     App\Mail\MyTestMail
[2023-01-11 15:33:51][108] Processing: App\Mail\MyTestMail
[2023-01-11 15:33:51][108] Failed:     App\Mail\MyTestMail
[2023-01-11 15:34:08][109] Processing: App\Mail\MyTestMail
[2023-01-11 15:34:08][109] Failed:     App\Mail\MyTestMail
[2023-01-11 15:34:12][110] Processing: App\Mail\MyTestMail
[2023-01-11 15:34:12][110] Failed:     App\Mail\MyTestMail
[2023-01-12 06:14:01][111] Processing: App\Mail\MyTestMail
[2023-01-12 06:14:01][111] Failed:     App\Mail\MyTestMail
